<?xml version="1.0" encoding="UTF-8"?>
<!-- Generated by org.testng.reporters.JUnitReportReporter -->
<testsuite hostname="MAC-LAP-101" name="Gitpackage.Logintest" tests="1" failures="0" timestamp="27 Jul 2018 06:21:57 GMT" time="28.478" errors="0">
  <testcase name="login" time="28.478" classname="Gitpackage.Logintest"/>
</testsuite> <!-- Gitpackage.Logintest -->
